-------------------------------------------------------------------------------
Test set: org.junitproject.AppTest
-------------------------------------------------------------------------------
Tests run: 2, Failures: 1, Errors: 0, Skipped: 0, Time elapsed: 0.137 s <<< FAILURE! - in org.junitproject.AppTest
su(org.junitproject.AppTest)  Time elapsed: 0.015 s  <<< FAILURE!
java.lang.AssertionError: expected:<2> but was:<4>
	at org.junitproject.AppTest.su(AppTest.java:25)

