<?xml version="1.0" encoding="UTF-8"?>
<testsuite xmlns:xsi="http://www.w3.org/2001/XMLSchema-instance" xsi:noNamespaceSchemaLocation="https://maven.apache.org/surefire/maven-surefire-plugin/xsd/surefire-test-report.xsd" name="org.junitproject.AppTest" time="0.077" tests="2" errors="0" skipped="0" failures="2">
  <properties>
[...]
</properties>
  <testcase name="shouldAnswerWithTrue" classname="org.junitproject.AppTest" time="0.021">
    <failure type="java.lang.AssertionError">java.lang.AssertionError
	at org.junitproject.AppTest.shouldAnswerWithTrue(AppTest.java:19)
</failure>
  </testcase>
  <testcase name="su" classname="org.junitproject.AppTest" time="0">
    <failure message="expected:&lt;2&gt; but was:&lt;4&gt;" type="java.lang.AssertionError"><![CDATA[java.lang.AssertionError: expected:<2> but was:<4>
	at org.junitproject.AppTest.su(AppTest.java:25)
]]></failure>
  </testcase>
</testsuite>